[2025-10-28 22:44:14] ADD_ITEM - User: QCM1111 - Params: QC2001,Milk,20,4.99 - Result: Item added successfully
[2025-10-28 22:44:14] ADD_ITEM - User: QCM1111 - Params: QC1001,Coffee,5,5.99 - Result: Item quantity updated. New quantity: 15
[2025-10-28 22:44:14] ADD_ITEM - User: QCM1111 - Params: QC1001,Coffee,10,5.99 - Result: Item quantity updated. New quantity: 25
[2025-10-28 22:44:14] REMOVE_ITEM - User: QCM1111 - Params: QC1001,5 - Result: Item quantity reduced. New quantity: 20
[2025-10-28 22:44:14] ADD_ITEM - User: QCM1111 - Params: QC3001,TestItem,5,1.0 - Result: Item added successfully
[2025-10-28 22:44:14] REMOVE_ITEM - User: QCM1111 - Params: QC3001,10 - Result: Item quantity set to 0. Item remains in inventory for waitlist.
[2025-10-28 22:44:14] LIST_ITEMS - User: QCM1111 - Params:  - Result: Listed 5 items
[2025-10-28 22:44:14] PURCHASE - User: QCU1111 - Params: QC1001,2,28102025 - Result: Purchase successful! Bought 2 x Coffee for $11.98. Remaining budget: $988.02
[2025-10-28 22:44:19] REMOTE_PURCHASE_FAILED - User: QCU1111 - Params: ON1001,1,28102025 - Result: Purchase failed: Request timeout
[2025-10-28 22:44:29] FIND_ITEM - User: QCU1111 - Params: Coffee - Result: Found 1 items
[2025-10-28 22:44:34] REMOTE_PURCHASE_FAILED - User: QCU2222 - Params: ON9999,2,28102025 - Result: Purchase failed: Request timeout
[2025-10-28 22:44:34] ADD_ITEM - User: QCM1111 - Params: QC4001,LimitedItem,3,2.0 - Result: Item added successfully
[2025-10-28 22:44:34] ADD_ITEM - User: QCM1111 - Params: QC5001,OutOfStock,0,1.0 - Result: Item added successfully
[2025-10-28 22:44:34] PURCHASE - User: QCU5555 - Params: QC1002,1,13102025 - Result: Purchase successful! Bought 1 x Tea for $3.99. Remaining budget: $996.01
[2025-10-28 22:44:34] RETURN - User: QCU5555 - Params: QC1002,28102025 - Result: Return successful. Refunded: $3.99
[2025-10-28 22:44:35] PURCHASE - User: QCU6666 - Params: QC1002,1,23092025 - Result: Purchase successful! Bought 1 x Tea for $3.99. Remaining budget: $996.01
[2025-10-28 22:44:35] PURCHASE - User: QCU8888 - Params: QC1001,1,18102025 - Result: Purchase successful! Bought 1 x Coffee for $5.99. Remaining budget: $994.01
[2025-10-28 22:44:35] PURCHASE - User: QCU9999 - Params: QC1002,1,18102025 - Result: Purchase successful! Bought 1 x Tea for $3.99. Remaining budget: $996.01
[2025-10-28 22:44:35] EXCHANGE_START - User: QCU8888 - Params: newItem=QC1003,oldItem=QC1001 - Result: Started
[2025-10-28 22:44:35] EXCHANGE - User: QCU8888 - Params: QC1003,QC1001 - Result: Exchange successful. Refunded $3.49
[2025-10-28 22:44:35] PURCHASE - User: QCU1234 - Params: QC1001,1,18102025 - Result: Purchase successful! Bought 1 x Coffee for $5.99. Remaining budget: $994.01
[2025-10-28 22:44:35] EXCHANGE_START - User: QCU1234 - Params: newItem=ON1001,oldItem=QC1001 - Result: Started
[2025-10-28 22:44:40] PURCHASE - User: QCU5678 - Params: QC1002,1,23092025 - Result: Purchase successful! Bought 1 x Tea for $3.99. Remaining budget: $996.01
[2025-10-28 22:44:40] EXCHANGE_START - User: QCU5678 - Params: newItem=QC1003,oldItem=QC1002 - Result: Started
[2025-10-28 22:44:40] EXCHANGE_START - User: QCU0000 - Params: newItem=QC1003,oldItem=QC1001 - Result: Started
[2025-10-28 22:44:45] REMOTE_PURCHASE_FAILED - User: QCU9991 - Params: ON1001,1,28102025 - Result: Purchase failed: Request timeout
[2025-10-28 22:44:50] REMOTE_PURCHASE_FAILED - User: QCU9991 - Params: ON1002,1,28102025 - Result: Purchase failed: Request timeout
[2025-10-28 22:44:50] ADD_ITEM - User: QCM1111 - Params: QC6001,ConcurrentTest,10,1.0 - Result: Item added successfully
[2025-10-28 22:44:50] PURCHASE - User: QCU2222 - Params: QC6001,3,28102025 - Result: Purchase successful! Bought 3 x ConcurrentTest for $3.00. Remaining budget: $997.00
[2025-10-28 22:44:50] PURCHASE - User: QCU1111 - Params: QC6001,3,28102025 - Result: Purchase successful! Bought 3 x ConcurrentTest for $3.00. Remaining budget: $985.02
[2025-10-28 22:44:50] PURCHASE - User: QCU3333 - Params: QC6001,3,28102025 - Result: Purchase successful! Bought 3 x ConcurrentTest for $3.00. Remaining budget: $997.00
[2025-10-28 22:44:50] REMOVE_ITEM - User: QCM1111 - Params: QC7001,5 - Result: Item not found
[2025-10-28 22:44:50] ADD_ITEM - User: QCM1111 - Params: QC7001,Test,10,1.0 - Result: Item added successfully
[2025-10-28 22:48:54] ADD_ITEM - User: QCM1111 - Params: QC2001,Milk,20,4.99 - Result: Item quantity updated. New quantity: 40
[2025-10-28 22:48:54] ADD_ITEM - User: QCM1111 - Params: QC1001,Coffee,5,5.99 - Result: Item quantity updated. New quantity: 22
[2025-10-28 22:48:54] ADD_ITEM - User: QCM1111 - Params: QC1001,Coffee,10,5.99 - Result: Item quantity updated. New quantity: 32
[2025-10-28 22:48:54] REMOVE_ITEM - User: QCM1111 - Params: QC1001,5 - Result: Item quantity reduced. New quantity: 27
[2025-10-28 22:48:54] ADD_ITEM - User: QCM1111 - Params: QC3001,TestItem,5,1.0 - Result: Item quantity updated. New quantity: 5
[2025-10-28 22:48:54] REMOVE_ITEM - User: QCM1111 - Params: QC3001,10 - Result: Item quantity set to 0. Item remains in inventory for waitlist.
[2025-10-28 22:48:54] LIST_ITEMS - User: QCM1111 - Params:  - Result: Listed 9 items
[2025-10-28 22:48:54] PURCHASE - User: QCU1111 - Params: QC1001,2,28102025 - Result: Purchase successful! Bought 2 x Coffee for $11.98. Remaining budget: $973.04
[2025-10-28 22:48:59] REMOTE_PURCHASE_FAILED - User: QCU1111 - Params: ON1001,1,28102025 - Result: Purchase failed: Request timeout
[2025-10-28 22:49:09] FIND_ITEM - User: QCU1111 - Params: Coffee - Result: Found 1 items
[2025-10-28 22:49:14] REMOTE_PURCHASE_FAILED - User: QCU2222 - Params: ON9999,2,28102025 - Result: Purchase failed: Request timeout
[2025-10-28 22:49:14] ADD_ITEM - User: QCM1111 - Params: QC4001,LimitedItem,3,2.0 - Result: Item quantity updated. New quantity: 6
[2025-10-28 22:49:14] PURCHASE - User: QCU3333 - Params: QC4001,5,28102025 - Result: Purchase successful! Bought 5 x LimitedItem for $10.00. Remaining budget: $987.00
[2025-10-28 22:49:14] ADD_ITEM - User: QCM1111 - Params: QC5001,OutOfStock,0,1.0 - Result: Item quantity updated. New quantity: 0
[2025-10-28 22:49:14] PURCHASE - User: QCU5555 - Params: QC1002,1,13102025 - Result: Purchase successful! Bought 1 x Tea for $3.99. Remaining budget: $996.01
[2025-10-28 22:49:14] RETURN - User: QCU5555 - Params: QC1002,28102025 - Result: Return successful. Refunded: $3.99
[2025-10-28 22:49:14] PURCHASE - User: QCU6666 - Params: QC1002,1,23092025 - Result: Purchase successful! Bought 1 x Tea for $3.99. Remaining budget: $992.02
[2025-10-28 22:49:14] PURCHASE - User: QCU8888 - Params: QC1001,1,18102025 - Result: Purchase successful! Bought 1 x Coffee for $5.99. Remaining budget: $991.51
[2025-10-28 22:49:14] PURCHASE - User: QCU9999 - Params: QC1002,1,18102025 - Result: Purchase successful! Bought 1 x Tea for $3.99. Remaining budget: $992.02
[2025-10-28 22:49:14] EXCHANGE_START - User: QCU8888 - Params: newItem=QC1003,oldItem=QC1001 - Result: Started
[2025-10-28 22:49:14] EXCHANGE - User: QCU8888 - Params: QC1003,QC1001 - Result: Exchange successful. Refunded $3.49
[2025-10-28 22:49:14] PURCHASE - User: QCU1234 - Params: QC1001,1,18102025 - Result: Purchase successful! Bought 1 x Coffee for $5.99. Remaining budget: $988.02
[2025-10-28 22:49:14] EXCHANGE_START - User: QCU1234 - Params: newItem=ON1001,oldItem=QC1001 - Result: Started
[2025-10-28 22:49:19] PURCHASE - User: QCU5678 - Params: QC1002,1,23092025 - Result: Purchase successful! Bought 1 x Tea for $3.99. Remaining budget: $992.02
[2025-10-28 22:49:19] EXCHANGE_START - User: QCU5678 - Params: newItem=QC1003,oldItem=QC1002 - Result: Started
[2025-10-28 22:49:19] EXCHANGE_START - User: QCU0000 - Params: newItem=QC1003,oldItem=QC1001 - Result: Started
[2025-10-28 22:49:24] REMOTE_PURCHASE_FAILED - User: QCU9991 - Params: ON1001,1,28102025 - Result: Purchase failed: Request timeout
[2025-10-28 22:49:29] REMOTE_PURCHASE_FAILED - User: QCU9991 - Params: ON1002,1,28102025 - Result: Purchase failed: Request timeout
[2025-10-28 22:49:29] ADD_ITEM - User: QCM1111 - Params: QC6001,ConcurrentTest,10,1.0 - Result: Item quantity updated. New quantity: 11
[2025-10-28 22:49:29] PURCHASE - User: QCU1111 - Params: QC6001,3,28102025 - Result: Purchase successful! Bought 3 x ConcurrentTest for $3.00. Remaining budget: $970.04
[2025-10-28 22:49:29] PURCHASE - User: QCU3333 - Params: QC6001,3,28102025 - Result: Purchase successful! Bought 3 x ConcurrentTest for $3.00. Remaining budget: $984.00
[2025-10-28 22:49:29] PURCHASE - User: QCU2222 - Params: QC6001,3,28102025 - Result: Purchase successful! Bought 3 x ConcurrentTest for $3.00. Remaining budget: $994.00
[2025-10-28 22:49:29] REMOVE_ITEM - User: QCM1111 - Params: QC7001,5 - Result: Item quantity reduced. New quantity: 5
[2025-10-28 22:49:29] ADD_ITEM - User: QCM1111 - Params: QC7001,Test,10,1.0 - Result: Item quantity updated. New quantity: 15
